#
# There is insufficient memory for the Java Runtime Environment to continue.
# Native memory allocation (malloc) failed to allocate 144656 bytes for Chunk::new
# Possible reasons:
#   The system is out of physical RAM or swap space
#   The process is running with CompressedOops enabled, and the Java Heap may be blocking the growth of the native heap
# Possible solutions:
#   Reduce memory load on the system
#   Increase physical memory or swap space
#   Check if swap backing store is full
#   Decrease Java heap size (-Xmx/-Xms)
#   Decrease number of Java threads
#   Decrease Java thread stack sizes (-Xss)
#   Set larger code cache with -XX:ReservedCodeCacheSize=
#   JVM is running with Unscaled Compressed Oops mode in which the Java heap is
#     placed in the first 4GB address space. The Java Heap base address is the
#     maximum limit for the native heap growth. Please use -XX:HeapBaseMinAddress
#     to set the Java Heap base and to place the Java Heap above 4GB virtual address.
# This output file may be truncated or incomplete.
#
#  Out of Memory Error (t:/workspace/open/src/hotspot/share/memory/arena.cpp:197), pid=6044, tid=6360
#
# JRE version: Java(TM) SE Runtime Environment (12.0.2+10) (build 12.0.2+10)
# Java VM: Java HotSpot(TM) 64-Bit Server VM (12.0.2+10, mixed mode, sharing, tiered, compressed oops, g1 gc, windows-amd64)
# No core dump will be written. Minidumps are not enabled by default on client versions of Windows
#

---------------  S U M M A R Y ------------

Command Line: --module-path=C:\javafx-sdk-11.0.2\lib --add-modules=javafx.controls,javafx.fxml -Dfile.encoding=Cp1252 application.Main

Host: Pentium(R) Dual-Core CPU       T4300  @ 2.10GHz, 2 cores, 3G,  Windows 10 , 64 bit Build 18362 (10.0.18362.329)
Time: Thu Oct 24 00:23:25 2019 India Standard Time elapsed time: 361 seconds (0d 0h 6m 1s)

---------------  T H R E A D  ---------------

Current thread (0x000002737bd30000):  JavaThread "C2 CompilerThread0" daemon [_thread_in_native, id=6360, stack(0x000000f5fe300000,0x000000f5fe400000)]


Current CompileTask:
C2: 361152 5422       4       com.sun.prism.impl.BaseContext::setRenderTarget (47 bytes)

Stack: [0x000000f5fe300000,0x000000f5fe400000]
Native frames: (J=compiled Java code, j=interpreted, Vv=VM code, C=native code)
V  [jvm.dll+0x63aa2a]
V  [jvm.dll+0x78ce1e]
V  [jvm.dll+0x78e4c1]
V  [jvm.dll+0x78eb13]
V  [jvm.dll+0x2627e8]
V  [jvm.dll+0xc55cc]
V  [jvm.dll+0xc5b4c]
V  [jvm.dll+0x37a632]
V  [jvm.dll+0x3463d3]
V  [jvm.dll+0x34579a]
V  [jvm.dll+0x21c205]
V  [jvm.dll+0x21b3da]
V  [jvm.dll+0x199a20]
V  [jvm.dll+0x22a744]
V  [jvm.dll+0x228d98]
V  [jvm.dll+0x7512a0]
V  [jvm.dll+0x74a2c8]
V  [jvm.dll+0x639b16]
C  [ucrtbase.dll+0x1d9f2]
C  [KERNEL32.DLL+0x17bd4]
C  [ntdll.dll+0x6cee1]


---------------  P R O C E S S  ---------------

Threads class SMR info:
_java_thread_list=0x0000027300e15f70, length=18, elements={
0x000002735dcae000, 0x000002737bd11000, 0x000002737bd1a000, 0x000002737bd2d000,
0x000002737bd2f000, 0x000002737bd30000, 0x000002737bda5800, 0x000002737bdac800,
0x000002737bf61800, 0x000002737c048000, 0x000002737c59e000, 0x000002737cc8e800,
0x000002737c8bf000, 0x000002737c567800, 0x000002737cdf8800, 0x000002737c2d8800,
0x000002737c617000, 0x0000027300e19800
}

Java Threads: ( => current thread )
  0x000002735dcae000 JavaThread "main" [_thread_blocked, id=8608, stack(0x000000f5fd800000,0x000000f5fd900000)]
  0x000002737bd11000 JavaThread "Reference Handler" daemon [_thread_blocked, id=10944, stack(0x000000f5fdf00000,0x000000f5fe000000)]
  0x000002737bd1a000 JavaThread "Finalizer" daemon [_thread_blocked, id=9220, stack(0x000000f5fe000000,0x000000f5fe100000)]
  0x000002737bd2d000 JavaThread "Signal Dispatcher" daemon [_thread_blocked, id=8848, stack(0x000000f5fe100000,0x000000f5fe200000)]
  0x000002737bd2f000 JavaThread "Attach Listener" daemon [_thread_blocked, id=8840, stack(0x000000f5fe200000,0x000000f5fe300000)]
=>0x000002737bd30000 JavaThread "C2 CompilerThread0" daemon [_thread_in_native, id=6360, stack(0x000000f5fe300000,0x000000f5fe400000)]
  0x000002737bda5800 JavaThread "C1 CompilerThread0" daemon [_thread_blocked, id=5400, stack(0x000000f5fe400000,0x000000f5fe500000)]
  0x000002737bdac800 JavaThread "Sweeper thread" daemon [_thread_blocked, id=8920, stack(0x000000f5fe500000,0x000000f5fe600000)]
  0x000002737bf61800 JavaThread "Common-Cleaner" daemon [_thread_blocked, id=8468, stack(0x000000f5fe600000,0x000000f5fe700000)]
  0x000002737c048000 JavaThread "Service Thread" daemon [_thread_blocked, id=10156, stack(0x000000f5fe700000,0x000000f5fe800000)]
  0x000002737c59e000 JavaThread "QuantumRenderer-0" daemon [_thread_blocked, id=372, stack(0x000000f5fea00000,0x000000f5feb00000)]
  0x000002737cc8e800 JavaThread "InvokeLaterDispatcher" daemon [_thread_blocked, id=10964, stack(0x000000f5feb00000,0x000000f5fec00000)]
  0x000002737c8bf000 JavaThread "JavaFX Application Thread" [_thread_in_native, id=10088, stack(0x000000f5fec00000,0x000000f5fed00000)]
  0x000002737c567800 JavaThread "Thread-1" daemon [_thread_in_native, id=5640, stack(0x000000f5fee00000,0x000000f5fef00000)]
  0x000002737cdf8800 JavaThread "JavaFX-Launcher" [_thread_blocked, id=7452, stack(0x000000f5fef00000,0x000000f5ff000000)]
  0x000002737c2d8800 JavaThread "mysql-cj-abandoned-connection-cleanup" daemon [_thread_blocked, id=8648, stack(0x000000f5ff000000,0x000000f5ff100000)]
  0x000002737c617000 JavaThread "Prism Font Disposer" daemon [_thread_blocked, id=7840, stack(0x000000f5ff400000,0x000000f5ff500000)]
  0x0000027300e19800 JavaThread "Cleaner-0" daemon [_thread_blocked, id=3236, stack(0x000000f5fd500000,0x000000f5fd600000)]

Other Threads:
  0x000002737bd0f800 VMThread "VM Thread" [stack: 0x000000f5fde00000,0x000000f5fdf00000] [id=4944]
  0x000002737c0ce800 WatcherThread [stack: 0x000000f5fe800000,0x000000f5fe900000] [id=8956]
  0x000002735fcff000 GCTaskThread "GC Thread#0" [stack: 0x000000f5fd900000,0x000000f5fda00000] [id=9820]
  0x000002737cacd000 GCTaskThread "GC Thread#1" [stack: 0x000000f5fe900000,0x000000f5fea00000] [id=7460]
  0x000002735fd06800 ConcurrentGCThread "G1 Main Marker" [stack: 0x000000f5fda00000,0x000000f5fdb00000] [id=6304]
  0x000002735fd0a000 ConcurrentGCThread "G1 Conc#0" [stack: 0x000000f5fdb00000,0x000000f5fdc00000] [id=9384]
  0x000002735fd46800 ConcurrentGCThread "G1 Refine#0" [stack: 0x000000f5fdc00000,0x000000f5fdd00000] [id=2196]
  0x000002735fd47800 ConcurrentGCThread "G1 Young RemSet Sampling" [stack: 0x000000f5fdd00000,0x000000f5fde00000] [id=2316]

Threads with active compile tasks:
C2 CompilerThread0  5422       4       com.sun.prism.impl.BaseContext::setRenderTarget (47 bytes)

VM state:not at safepoint (normal execution)

VM Mutex/Monitor currently owned by a thread: None

Heap address: 0x00000000c2800000, size: 984 MB, Compressed Oops mode: 32-bit
Narrow klass base: 0x0000000800000000, Narrow klass shift: 3
Compressed class space size: 1073741824 Address: 0x0000000801190000

Heap:
 garbage-first heap   total 138240K, used 84553K [0x00000000c2800000, 0x0000000100000000)
  region size 1024K, 5 young (5120K), 3 survivors (3072K)
 Metaspace       used 28365K, capacity 29661K, committed 29872K, reserved 1075200K
  class space    used 3718K, capacity 4246K, committed 4352K, reserved 1048576K
Heap Regions: E=young(eden), S=young(survivor), O=old, HS=humongous(starts), HC=humongous(continues), CS=collection set, F=free, A=archive, TAMS=top-at-mark-start (previous, next)
|   0|0x00000000c2800000, 0x00000000c2900000, 0x00000000c2900000|100%| O|  |TAMS 0x00000000c2900000, 0x00000000c2800000| Untracked 
|   1|0x00000000c2900000, 0x00000000c2a00000, 0x00000000c2a00000|100%|HS|  |TAMS 0x00000000c2a00000, 0x00000000c2900000| Complete 
|   2|0x00000000c2a00000, 0x00000000c2b00000, 0x00000000c2b00000|100%|HS|  |TAMS 0x00000000c2b00000, 0x00000000c2a00000| Complete 
|   3|0x00000000c2b00000, 0x00000000c2c00000, 0x00000000c2c00000|100%|HC|  |TAMS 0x00000000c2c00000, 0x00000000c2b00000| Complete 
|   4|0x00000000c2c00000, 0x00000000c2d00000, 0x00000000c2d00000|100%|HC|  |TAMS 0x00000000c2d00000, 0x00000000c2c00000| Complete 
|   5|0x00000000c2d00000, 0x00000000c2e00000, 0x00000000c2e00000|100%|HC|  |TAMS 0x00000000c2e00000, 0x00000000c2d00000| Complete 
|   6|0x00000000c2e00000, 0x00000000c2f00000, 0x00000000c2f00000|100%|HS|  |TAMS 0x00000000c2f00000, 0x00000000c2e00000| Complete 
|   7|0x00000000c2f00000, 0x00000000c3000000, 0x00000000c3000000|100%|HC|  |TAMS 0x00000000c3000000, 0x00000000c2f00000| Complete 
|   8|0x00000000c3000000, 0x00000000c3100000, 0x00000000c3100000|100%|HS|  |TAMS 0x00000000c3100000, 0x00000000c3000000| Complete 
|   9|0x00000000c3100000, 0x00000000c3200000, 0x00000000c3200000|100%|HC|  |TAMS 0x00000000c3200000, 0x00000000c3100000| Complete 
|  10|0x00000000c3200000, 0x00000000c3300000, 0x00000000c3300000|100%| O|  |TAMS 0x00000000c3300000, 0x00000000c3200000| Untracked 
|  11|0x00000000c3300000, 0x00000000c3400000, 0x00000000c3400000|100%| O|  |TAMS 0x00000000c3400000, 0x00000000c3300000| Untracked 
|  12|0x00000000c3400000, 0x00000000c3500000, 0x00000000c3500000|100%|HS|  |TAMS 0x00000000c3500000, 0x00000000c3400000| Complete 
|  13|0x00000000c3500000, 0x00000000c3600000, 0x00000000c3600000|100%|HC|  |TAMS 0x00000000c3600000, 0x00000000c3500000| Complete 
|  14|0x00000000c3600000, 0x00000000c3700000, 0x00000000c3700000|100%|HC|  |TAMS 0x00000000c3700000, 0x00000000c3600000| Complete 
|  15|0x00000000c3700000, 0x00000000c3800000, 0x00000000c3800000|100%|HC|  |TAMS 0x00000000c3800000, 0x00000000c3700000| Complete 
|  16|0x00000000c3800000, 0x00000000c3900000, 0x00000000c3900000|100%|HS|  |TAMS 0x00000000c3900000, 0x00000000c3800000| Complete 
|  17|0x00000000c3900000, 0x00000000c3a00000, 0x00000000c3a00000|100%|HC|  |TAMS 0x00000000c3a00000, 0x00000000c3900000| Complete 
|  18|0x00000000c3a00000, 0x00000000c3b00000, 0x00000000c3b00000|100%|HS|  |TAMS 0x00000000c3b00000, 0x00000000c3a00000| Complete 
|  19|0x00000000c3b00000, 0x00000000c3c00000, 0x00000000c3c00000|100%|HC|  |TAMS 0x00000000c3c00000, 0x00000000c3b00000| Complete 
|  20|0x00000000c3c00000, 0x00000000c3d00000, 0x00000000c3d00000|100%|HS|  |TAMS 0x00000000c3d00000, 0x00000000c3c00000| Complete 
|  21|0x00000000c3d00000, 0x00000000c3e00000, 0x00000000c3e00000|100%|HC|  |TAMS 0x00000000c3e00000, 0x00000000c3d00000| Complete 
|  22|0x00000000c3e00000, 0x00000000c3f00000, 0x00000000c3f00000|100%|HC|  |TAMS 0x00000000c3f00000, 0x00000000c3e00000| Complete 
|  23|0x00000000c3f00000, 0x00000000c4000000, 0x00000000c4000000|100%| O|  |TAMS 0x00000000c4000000, 0x00000000c3f00000| Untracked 
|  24|0x00000000c4000000, 0x00000000c4100000, 0x00000000c4100000|100%|HS|  |TAMS 0x00000000c4100000, 0x00000000c4000000| Complete 
|  25|0x00000000c4100000, 0x00000000c4200000, 0x00000000c4200000|100%|HC|  |TAMS 0x00000000c4200000, 0x00000000c4100000| Complete 
|  26|0x00000000c4200000, 0x00000000c4300000, 0x00000000c4300000|100%|HC|  |TAMS 0x00000000c4300000, 0x00000000c4200000| Complete 
|  27|0x00000000c4300000, 0x00000000c4400000, 0x00000000c4400000|100%|HC|  |TAMS 0x00000000c4400000, 0x00000000c4300000| Complete 
|  28|0x00000000c4400000, 0x00000000c4500000, 0x00000000c4500000|100%|HS|  |TAMS 0x00000000c4500000, 0x00000000c4400000| Complete 
|  29|0x00000000c4500000, 0x00000000c4600000, 0x00000000c4600000|100%|HC|  |TAMS 0x00000000c4600000, 0x00000000c4500000| Complete 
|  30|0x00000000c4600000, 0x00000000c4700000, 0x00000000c4700000|100%|HS|  |TAMS 0x00000000c4700000, 0x00000000c4600000| Complete 
|  31|0x00000000c4700000, 0x00000000c4800000, 0x00000000c4800000|100%|HC|  |TAMS 0x00000000c4800000, 0x00000000c4700000| Complete 
|  32|0x00000000c4800000, 0x00000000c4900000, 0x00000000c4900000|100%|HC|  |TAMS 0x00000000c4900000, 0x00000000c4800000| Complete 
|  33|0x00000000c4900000, 0x00000000c4a00000, 0x00000000c4a00000|100%|HC|  |TAMS 0x00000000c4a00000, 0x00000000c4900000| Complete 
|  34|0x00000000c4a00000, 0x00000000c4b00000, 0x00000000c4b00000|100%| O|  |TAMS 0x00000000c4b00000, 0x00000000c4a00000| Untracked 
|  35|0x00000000c4b00000, 0x00000000c4c00000, 0x00000000c4c00000|100%| O|  |TAMS 0x00000000c4c00000, 0x00000000c4b00000| Untracked 
|  36|0x00000000c4c00000, 0x00000000c4d00000, 0x00000000c4d00000|100%| O|  |TAMS 0x00000000c4d00000, 0x00000000c4c00000| Untracked 
|  37|0x00000000c4d00000, 0x00000000c4e00000, 0x00000000c4e00000|100%|HS|  |TAMS 0x00000000c4e00000, 0x00000000c4d00000| Complete 
|  38|0x00000000c4e00000, 0x00000000c4f00000, 0x00000000c4f00000|100%|HC|  |TAMS 0x00000000c4f00000, 0x00000000c4e00000| Complete 
|  39|0x00000000c4f00000, 0x00000000c5000000, 0x00000000c5000000|100%|HC|  |TAMS 0x00000000c5000000, 0x00000000c4f00000| Complete 
|  40|0x00000000c5000000, 0x00000000c5100000, 0x00000000c5100000|100%|HC|  |TAMS 0x00000000c5100000, 0x00000000c5000000| Complete 
|  41|0x00000000c5100000, 0x00000000c5200000, 0x00000000c5200000|100%|HS|  |TAMS 0x00000000c5200000, 0x00000000c5100000| Complete 
|  42|0x00000000c5200000, 0x00000000c5300000, 0x00000000c5300000|100%|HC|  |TAMS 0x00000000c5300000, 0x00000000c5200000| Complete 
|  43|0x00000000c5300000, 0x00000000c5400000, 0x00000000c5400000|100%|HC|  |TAMS 0x00000000c5400000, 0x00000000c5300000| Complete 
|  44|0x00000000c5400000, 0x00000000c5500000, 0x00000000c5500000|100%|HC|  |TAMS 0x00000000c5500000, 0x00000000c5400000| Complete 
|  45|0x00000000c5500000, 0x00000000c5600000, 0x00000000c5600000|100%|HS|  |TAMS 0x00000000c5600000, 0x00000000c5500000| Complete 
|  46|0x00000000c5600000, 0x00000000c5700000, 0x00000000c5700000|100%|HC|  |TAMS 0x00000000c5700000, 0x00000000c5600000| Complete 
|  47|0x00000000c5700000, 0x00000000c5800000, 0x00000000c5800000|100%|HC|  |TAMS 0x00000000c5800000, 0x00000000c5700000| Complete 
|  48|0x00000000c5800000, 0x00000000c5900000, 0x00000000c5900000|100%|HC|  |TAMS 0x00000000c5900000, 0x00000000c5800000| Complete 
|  49|0x00000000c5900000, 0x00000000c5a00000, 0x00000000c5a00000|100%|HS|  |TAMS 0x00000000c5a00000, 0x00000000c5900000| Complete 
|  50|0x00000000c5a00000, 0x00000000c5b00000, 0x00000000c5b00000|100%|HC|  |TAMS 0x00000000c5b00000, 0x00000000c5a00000| Complete 
|  51|0x00000000c5b00000, 0x00000000c5c00000, 0x00000000c5c00000|100%|HC|  |TAMS 0x00000000c5c00000, 0x00000000c5b00000| Complete 
|  52|0x00000000c5c00000, 0x00000000c5d00000, 0x00000000c5d00000|100%|HC|  |TAMS 0x00000000c5d00000, 0x00000000c5c00000| Complete 
|  53|0x00000000c5d00000, 0x00000000c5e00000, 0x00000000c5e00000|100%|HS|  |TAMS 0x00000000c5e00000, 0x00000000c5d00000| Complete 
|  54|0x00000000c5e00000, 0x00000000c5f00000, 0x00000000c5f00000|100%|HC|  |TAMS 0x00000000c5f00000, 0x00000000c5e00000| Complete 
|  55|0x00000000c5f00000, 0x00000000c6000000, 0x00000000c6000000|100%|HC|  |TAMS 0x00000000c6000000, 0x00000000c5f00000| Complete 
|  56|0x00000000c6000000, 0x00000000c6100000, 0x00000000c6100000|100%|HC|  |TAMS 0x00000000c6100000, 0x00000000c6000000| Complete 
|  57|0x00000000c6100000, 0x00000000c6200000, 0x00000000c6200000|100%| O|  |TAMS 0x00000000c6200000, 0x00000000c6100000| Untracked 
|  58|0x00000000c6200000, 0x00000000c6300000, 0x00000000c6300000|100%|HS|  |TAMS 0x00000000c6300000, 0x00000000c6200000| Complete 
|  59|0x00000000c6300000, 0x00000000c6400000, 0x00000000c6400000|100%|HC|  |TAMS 0x00000000c6400000, 0x00000000c6300000| Complete 
|  60|0x00000000c6400000, 0x00000000c6500000, 0x00000000c6500000|100%|HC|  |TAMS 0x00000000c6500000, 0x00000000c6400000| Complete 
|  61|0x00000000c6500000, 0x00000000c6600000, 0x00000000c6600000|100%|HC|  |TAMS 0x00000000c6600000, 0x00000000c6500000| Complete 
|  62|0x00000000c6600000, 0x00000000c6700000, 0x00000000c6700000|100%|HS|  |TAMS 0x00000000c6700000, 0x00000000c6600000| Complete 
|  63|0x00000000c6700000, 0x00000000c6800000, 0x00000000c6800000|100%|HC|  |TAMS 0x00000000c6800000, 0x00000000c6700000| Complete 
|  64|0x00000000c6800000, 0x00000000c6900000, 0x00000000c6900000|100%|HC|  |TAMS 0x00000000c6900000, 0x00000000c6800000| Complete 
|  65|0x00000000c6900000, 0x00000000c6a00000, 0x00000000c6a00000|100%|HC|  |TAMS 0x00000000c6a00000, 0x00000000c6900000| Complete 
|  66|0x00000000c6a00000, 0x00000000c6b00000, 0x00000000c6b00000|100%| O|  |TAMS 0x00000000c6b00000, 0x00000000c6a00000| Untracked 
|  67|0x00000000c6b00000, 0x00000000c6c00000, 0x00000000c6c00000|100%| O|  |TAMS 0x00000000c6c00000, 0x00000000c6b00000| Untracked 
|  68|0x00000000c6c00000, 0x00000000c6d00000, 0x00000000c6d00000|100%| O|  |TAMS 0x00000000c6d00000, 0x00000000c6c00000| Untracked 
|  69|0x00000000c6d00000, 0x00000000c6e00000, 0x00000000c6e00000|100%| O|  |TAMS 0x00000000c6e00000, 0x00000000c6d00000| Untracked 
|  70|0x00000000c6e00000, 0x00000000c6f00000, 0x00000000c6f00000|100%| O|  |TAMS 0x00000000c6f00000, 0x00000000c6e00000| Untracked 
|  71|0x00000000c6f00000, 0x00000000c7000000, 0x00000000c7000000|100%| O|  |TAMS 0x00000000c7000000, 0x00000000c6f00000| Untracked 
|  72|0x00000000c7000000, 0x00000000c7100000, 0x00000000c7100000|100%| O|  |TAMS 0x00000000c70e6c00, 0x00000000c7000000| Untracked 
|  73|0x00000000c7100000, 0x00000000c7200000, 0x00000000c7200000|100%| O|  |TAMS 0x00000000c7100000, 0x00000000c7100000| Untracked 
|  74|0x00000000c7200000, 0x00000000c7300000, 0x00000000c7300000|100%| O|  |TAMS 0x00000000c7200000, 0x00000000c7200000| Untracked 
|  75|0x00000000c7300000, 0x00000000c7400000, 0x00000000c7400000|100%| O|  |TAMS 0x00000000c7300000, 0x00000000c7300000| Untracked 
|  76|0x00000000c7400000, 0x00000000c7492600, 0x00000000c7500000| 57%| O|  |TAMS 0x00000000c7400000, 0x00000000c7400000| Untracked 
|  77|0x00000000c7500000, 0x00000000c7600000, 0x00000000c7600000|100%|HS|  |TAMS 0x00000000c7500000, 0x00000000c7500000| Complete 
|  78|0x00000000c7600000, 0x00000000c7700000, 0x00000000c7700000|100%|HC|  |TAMS 0x00000000c7600000, 0x00000000c7600000| Complete 
|  79|0x00000000c7700000, 0x00000000c7700000, 0x00000000c7800000|  0%| F|  |TAMS 0x00000000c7700000, 0x00000000c7700000| Untracked 
|  80|0x00000000c7800000, 0x00000000c7800000, 0x00000000c7900000|  0%| F|  |TAMS 0x00000000c7800000, 0x00000000c7800000| Untracked 
|  81|0x00000000c7900000, 0x00000000c7900000, 0x00000000c7a00000|  0%| F|  |TAMS 0x00000000c7900000, 0x00000000c7900000| Untracked 
|  82|0x00000000c7a00000, 0x00000000c7a00000, 0x00000000c7b00000|  0%| F|  |TAMS 0x00000000c7a00000, 0x00000000c7a00000| Untracked 
|  83|0x00000000c7b00000, 0x00000000c7b00000, 0x00000000c7c00000|  0%| F|  |TAMS 0x00000000c7b00000, 0x00000000c7b00000| Untracked 
|  84|0x00000000c7c00000, 0x00000000c7c00000, 0x00000000c7d00000|  0%| F|  |TAMS 0x00000000c7c00000, 0x00000000c7c00000| Untracked 
|  85|0x00000000c7d00000, 0x00000000c7d00000, 0x00000000c7e00000|  0%| F|  |TAMS 0x00000000c7d00000, 0x00000000c7d00000| Untracked 
|  86|0x00000000c7e00000, 0x00000000c7e00000, 0x00000000c7f00000|  0%| F|  |TAMS 0x00000000c7e00000, 0x00000000c7e00000| Untracked 
|  87|0x00000000c7f00000, 0x00000000c7f00000, 0x00000000c8000000|  0%| F|  |TAMS 0x00000000c7f00000, 0x00000000c7f00000| Untracked 
|  88|0x00000000c8000000, 0x00000000c8000000, 0x00000000c8100000|  0%| F|  |TAMS 0x00000000c8000000, 0x00000000c8000000| Untracked 
|  89|0x00000000c8100000, 0x00000000c8100000, 0x00000000c8200000|  0%| F|  |TAMS 0x00000000c8100000, 0x00000000c8100000| Untracked 
|  90|0x00000000c8200000, 0x00000000c8200000, 0x00000000c8300000|  0%| F|  |TAMS 0x00000000c8200000, 0x00000000c8200000| Untracked 
|  91|0x00000000c8300000, 0x00000000c8300000, 0x00000000c8400000|  0%| F|  |TAMS 0x00000000c8300000, 0x00000000c8300000| Untracked 
|  92|0x00000000c8400000, 0x00000000c8400000, 0x00000000c8500000|  0%| F|  |TAMS 0x00000000c8400000, 0x00000000c8400000| Untracked 
|  93|0x00000000c8500000, 0x00000000c8500000, 0x00000000c8600000|  0%| F|  |TAMS 0x00000000c8500000, 0x00000000c8500000| Untracked 
|  94|0x00000000c8600000, 0x00000000c8600000, 0x00000000c8700000|  0%| F|  |TAMS 0x00000000c8600000, 0x00000000c8600000| Untracked 
|  95|0x00000000c8700000, 0x00000000c8700000, 0x00000000c8800000|  0%| F|  |TAMS 0x00000000c8700000, 0x00000000c8700000| Untracked 
|  96|0x00000000c8800000, 0x00000000c8800000, 0x00000000c8900000|  0%| F|  |TAMS 0x00000000c8800000, 0x00000000c8800000| Untracked 
|  97|0x00000000c8900000, 0x00000000c8900000, 0x00000000c8a00000|  0%| F|  |TAMS 0x00000000c8900000, 0x00000000c8900000| Untracked 
|  98|0x00000000c8a00000, 0x00000000c8a00000, 0x00000000c8b00000|  0%| F|  |TAMS 0x00000000c8a00000, 0x00000000c8a00000| Untracked 
|  99|0x00000000c8b00000, 0x00000000c8b00000, 0x00000000c8c00000|  0%| F|  |TAMS 0x00000000c8b00000, 0x00000000c8b00000| Untracked 
| 100|0x00000000c8c00000, 0x00000000c8c00000, 0x00000000c8d00000|  0%| F|  |TAMS 0x00000000c8c00000, 0x00000000c8c00000| Untracked 
| 101|0x00000000c8d00000, 0x00000000c8d00000, 0x00000000c8e00000|  0%| F|  |TAMS 0x00000000c8d00000, 0x00000000c8d00000| Untracked 
| 102|0x00000000c8e00000, 0x00000000c8e00000, 0x00000000c8f00000|  0%| F|  |TAMS 0x00000000c8e00000, 0x00000000c8e00000| Untracked 
| 103|0x00000000c8f00000, 0x00000000c8f00000, 0x00000000c9000000|  0%| F|  |TAMS 0x00000000c8f00000, 0x00000000c8f00000| Untracked 
| 104|0x00000000c9000000, 0x00000000c9000000, 0x00000000c9100000|  0%| F|  |TAMS 0x00000000c9000000, 0x00000000c9000000| Untracked 
| 105|0x00000000c9100000, 0x00000000c9100000, 0x00000000c9200000|  0%| F|  |TAMS 0x00000000c9100000, 0x00000000c9100000| Untracked 
| 106|0x00000000c9200000, 0x00000000c9200000, 0x00000000c9300000|  0%| F|  |TAMS 0x00000000c9200000, 0x00000000c9200000| Untracked 
| 107|0x00000000c9300000, 0x00000000c9300000, 0x00000000c9400000|  0%| F|  |TAMS 0x00000000c9300000, 0x00000000c9300000| Untracked 
| 108|0x00000000c9400000, 0x00000000c9400000, 0x00000000c9500000|  0%| F|  |TAMS 0x00000000c9400000, 0x00000000c9400000| Untracked 
| 109|0x00000000c9500000, 0x00000000c9500000, 0x00000000c9600000|  0%| F|  |TAMS 0x00000000c9500000, 0x00000000c9500000| Untracked 
| 110|0x00000000c9600000, 0x00000000c9600000, 0x00000000c9700000|  0%| F|  |TAMS 0x00000000c9600000, 0x00000000c9600000| Untracked 
| 111|0x00000000c9700000, 0x00000000c9700000, 0x00000000c9800000|  0%| F|  |TAMS 0x00000000c9700000, 0x00000000c9700000| Untracked 
| 112|0x00000000c9800000, 0x00000000c9800000, 0x00000000c9900000|  0%| F|  |TAMS 0x00000000c9800000, 0x00000000c9800000| Untracked 
| 113|0x00000000c9900000, 0x00000000c9900000, 0x00000000c9a00000|  0%| F|  |TAMS 0x00000000c9900000, 0x00000000c9900000| Untracked 
| 114|0x00000000c9a00000, 0x00000000c9a00000, 0x00000000c9b00000|  0%| F|  |TAMS 0x00000000c9a00000, 0x00000000c9a00000| Untracked 
| 115|0x00000000c9b00000, 0x00000000c9c00000, 0x00000000c9c00000|100%| S|CS|TAMS 0x00000000c9b00000, 0x00000000c9b00000| Complete 
| 116|0x00000000c9c00000, 0x00000000c9d00000, 0x00000000c9d00000|100%| S|CS|TAMS 0x00000000c9c00000, 0x00000000c9c00000| Complete 
| 117|0x00000000c9d00000, 0x00000000c9e00000, 0x00000000c9e00000|100%| S|CS|TAMS 0x00000000c9d00000, 0x00000000c9d00000| Complete 
| 118|0x00000000c9e00000, 0x00000000c9e00000, 0x00000000c9f00000|  0%| F|  |TAMS 0x00000000c9e00000, 0x00000000c9e00000| Untracked 
| 119|0x00000000c9f00000, 0x00000000c9f00000, 0x00000000ca000000|  0%| F|  |TAMS 0x00000000c9f00000, 0x00000000c9f00000| Untracked 
| 120|0x00000000ca000000, 0x00000000ca000000, 0x00000000ca100000|  0%| F|  |TAMS 0x00000000ca000000, 0x00000000ca000000| Untracked 
| 121|0x00000000ca100000, 0x00000000ca100000, 0x00000000ca200000|  0%| F|  |TAMS 0x00000000ca100000, 0x00000000ca100000| Untracked 
| 122|0x00000000ca200000, 0x00000000ca200000, 0x00000000ca300000|  0%| F|  |TAMS 0x00000000ca200000, 0x00000000ca200000| Untracked 
| 123|0x00000000ca300000, 0x00000000ca300000, 0x00000000ca400000|  0%| F|  |TAMS 0x00000000ca300000, 0x00000000ca300000| Untracked 
| 124|0x00000000ca400000, 0x00000000ca400000, 0x00000000ca500000|  0%| F|  |TAMS 0x00000000ca400000, 0x00000000ca400000| Untracked 
| 125|0x00000000ca500000, 0x00000000ca500000, 0x00000000ca600000|  0%| F|  |TAMS 0x00000000ca500000, 0x00000000ca500000| Untracked 
| 126|0x00000000ca600000, 0x00000000ca600000, 0x00000000ca700000|  0%| F|  |TAMS 0x00000000ca600000, 0x00000000ca600000| Untracked 
| 127|0x00000000ca700000, 0x00000000ca700000, 0x00000000ca800000|  0%| F|  |TAMS 0x00000000ca700000, 0x00000000ca700000| Untracked 
| 128|0x00000000ca800000, 0x00000000ca800000, 0x00000000ca900000|  0%| F|  |TAMS 0x00000000ca800000, 0x00000000ca800000| Untracked 
| 129|0x00000000ca900000, 0x00000000ca900000, 0x00000000caa00000|  0%| F|  |TAMS 0x00000000ca900000, 0x00000000ca900000| Untracked 
| 130|0x00000000caa00000, 0x00000000caa00000, 0x00000000cab00000|  0%| F|  |TAMS 0x00000000caa00000, 0x00000000caa00000| Untracked 
| 131|0x00000000cab00000, 0x00000000cab00000, 0x00000000cac00000|  0%| F|  |TAMS 0x00000000cab00000, 0x00000000cab00000| Untracked 
| 132|0x00000000cac00000, 0x00000000cac00000, 0x00000000cad00000|  0%| F|  |TAMS 0x00000000cac00000, 0x00000000cac00000| Untracked 
| 133|0x00000000cad00000, 0x00000000cadf34d8, 0x00000000cae00000| 95%| E|  |TAMS 0x00000000cad00000, 0x00000000cad00000| Complete 
| 134|0x00000000cae00000, 0x00000000caf00000, 0x00000000caf00000|100%| E|CS|TAMS 0x00000000cae00000, 0x00000000cae00000| Complete 

Card table byte_map: [0x000002735faa0000,0x000002735fc90000] _byte_map_base: 0x000002735f48c000

Marking Bits (Prev, Next): (CMBitMap*) 0x000002735fcffce8, (CMBitMap*) 0x000002735fcffd28
 Prev Bits: [0x00000273772d0000, 0x0000027378230000)
 Next Bits: [0x0000027378230000, 0x0000027379190000)

Polling page: 0x000002735de60000

Metaspace:

Usage:
  Non-class:     24.82 MB capacity,    24.07 MB ( 97%) used,   618.19 KB (  2%) free+waste,   150.31 KB ( <1%) overhead. 
      Class:      4.15 MB capacity,     3.63 MB ( 88%) used,   451.10 KB ( 11%) free+waste,    75.94 KB (  2%) overhead. 
       Both:     28.97 MB capacity,    27.70 MB ( 96%) used,     1.04 MB (  4%) free+waste,   226.25 KB ( <1%) overhead. 

Virtual space:
  Non-class space:       26.00 MB reserved,      24.92 MB ( 96%) committed 
      Class space:        1.00 GB reserved,       4.25 MB ( <1%) committed 
             Both:        1.03 GB reserved,      29.17 MB (  3%) committed 

Chunk freelists:
   Non-Class:  5.13 KB
       Class:  0 bytes
        Both:  5.13 KB

CodeHeap 'non-profiled nmethods': size=120064Kb used=2246Kb max_used=2786Kb free=117817Kb
 bounds [0x000002736fba0000, 0x000002736fe60000, 0x00000273770e0000]
CodeHeap 'profiled nmethods': size=120000Kb used=10455Kb max_used=12241Kb free=109544Kb
 bounds [0x0000027368670000, 0x0000027369270000, 0x000002736fba0000]
CodeHeap 'non-nmethods': size=5696Kb used=1402Kb max_used=1450Kb free=4293Kb
 bounds [0x00000273680e0000, 0x0000027368350000, 0x0000027368670000]
 total_blobs=7480 nmethods=4710 adapters=765
 compilation: enabled
              stopped_count=0, restarted_count=0
 full_count=0

Compilation events (10 events):
Event: 358.554 Thread 0x000002737bda5800 nmethod 5417 0x0000027368694b90 code [0x0000027368694de0, 0x0000027368695720]
Event: 361.055 Thread 0x000002737bda5800 5418       3       com.sun.javafx.geom.transform.Affine3D::reset3Delements (31 bytes)
Event: 361.056 Thread 0x000002737bda5800 nmethod 5418 0x0000027368694790 code [0x0000027368694940, 0x0000027368694b18]
Event: 361.060 Thread 0x000002737bda5800 5419       3       com.sun.prism.impl.ps.BaseShaderGraphics::drawTexture (52 bytes)
Event: 361.061 Thread 0x000002737bda5800 nmethod 5419 0x0000027368693f90 code [0x0000027368694180, 0x0000027368694660]
Event: 361.061 Thread 0x000002737bda5800 5420       3       com.sun.prism.impl.BaseGraphics::drawTexture (249 bytes)
Event: 361.063 Thread 0x000002737bda5800 nmethod 5420 0x0000027368696390 code [0x0000027368696600, 0x0000027368697380]
Event: 361.065 Thread 0x000002737bda5800 5421       3       com.sun.marlin.DTransformingPathConsumer2D$PathClipFilter::lineTo (208 bytes)
Event: 361.066 Thread 0x000002737bda5800 nmethod 5421 0x000002736869b310 code [0x000002736869b540, 0x000002736869bb80]
Event: 361.069 Thread 0x000002737bd30000 5422       4       com.sun.prism.impl.BaseContext::setRenderTarget (47 bytes)

GC Heap History (10 events):
Event: 35.953 GC heap before
{Heap before GC invocations=24 (full 0):
 garbage-first heap   total 116736K, used 79350K [0x00000000c2800000, 0x0000000100000000)
  region size 1024K, 13 young (13312K), 3 survivors (3072K)
 Metaspace       used 20612K, capacity 21195K, committed 21296K, reserved 1067008K
  class space    used 2658K, capacity 2914K, committed 2944K, reserved 1048576K
}
Event: 35.966 GC heap after
{Heap after GC invocations=25 (full 0):
 garbage-first heap   total 116736K, used 71287K [0x00000000c2800000, 0x0000000100000000)
  region size 1024K, 2 young (2048K), 2 survivors (2048K)
 Metaspace       used 20612K, capacity 21195K, committed 21296K, reserved 1067008K
  class space    used 2658K, capacity 2914K, committed 2944K, reserved 1048576K
}
Event: 40.795 GC heap before
{Heap before GC invocations=26 (full 0):
 garbage-first heap   total 122880K, used 86647K [0x00000000c2800000, 0x0000000100000000)
  region size 1024K, 17 young (17408K), 2 survivors (2048K)
 Metaspace       used 24267K, capacity 25343K, committed 25520K, reserved 1071104K
  class space    used 3366K, capacity 3838K, committed 3840K, reserved 1048576K
}
Event: 40.807 GC heap after
{Heap after GC invocations=27 (full 0):
 garbage-first heap   total 122880K, used 73097K [0x00000000c2800000, 0x0000000100000000)
  region size 1024K, 3 young (3072K), 3 survivors (3072K)
 Metaspace       used 24267K, capacity 25343K, committed 25520K, reserved 1071104K
  class space    used 3366K, capacity 3838K, committed 3840K, reserved 1048576K
}
Event: 135.551 GC heap before
{Heap before GC invocations=27 (full 0):
 garbage-first heap   total 122880K, used 91529K [0x00000000c2800000, 0x0000000100000000)
  region size 1024K, 21 young (21504K), 3 survivors (3072K)
 Metaspace       used 26685K, capacity 27939K, committed 28208K, reserved 1073152K
  class space    used 3610K, capacity 4128K, committed 4224K, reserved 1048576K
}
Event: 135.584 GC heap after
{Heap after GC invocations=28 (full 0):
 garbage-first heap   total 122880K, used 77723K [0x00000000c2800000, 0x0000000100000000)
  region size 1024K, 3 young (3072K), 3 survivors (3072K)
 Metaspace       used 26685K, capacity 27939K, committed 28208K, reserved 1073152K
  class space    used 3610K, capacity 4128K, committed 4224K, reserved 1048576K
}
Event: 136.134 GC heap before
{Heap before GC invocations=29 (full 0):
 garbage-first heap   total 132096K, used 80795K [0x00000000c2800000, 0x0000000100000000)
  region size 1024K, 8 young (8192K), 3 survivors (3072K)
 Metaspace       used 27264K, capacity 28507K, committed 28720K, reserved 1073152K
  class space    used 3673K, capacity 4215K, committed 4224K, reserved 1048576K
}
Event: 136.154 GC heap after
{Heap after GC invocations=30 (full 0):
 garbage-first heap   total 132096K, used 79177K [0x00000000c2800000, 0x0000000100000000)
  region size 1024K, 1 young (1024K), 1 survivors (1024K)
 Metaspace       used 27264K, capacity 28507K, committed 28720K, reserved 1073152K
  class space    used 3673K, capacity 4215K, committed 4224K, reserved 1048576K
}
Event: 178.349 GC heap before
{Heap before GC invocations=31 (full 0):
 garbage-first heap   total 138240K, used 96585K [0x00000000c2800000, 0x0000000100000000)
  region size 1024K, 17 young (17408K), 1 survivors (1024K)
 Metaspace       used 28303K, capacity 29588K, committed 29872K, reserved 1075200K
  class space    used 3717K, capacity 4243K, committed 4352K, reserved 1048576K
}
Event: 178.362 GC heap after
{Heap after GC invocations=32 (full 0):
 garbage-first heap   total 138240K, used 83529K [0x00000000c2800000, 0x0000000100000000)
  region size 1024K, 3 young (3072K), 3 survivors (3072K)
 Metaspace       used 28303K, capacity 29588K, committed 29872K, reserved 1075200K
  class space    used 3717K, capacity 4243K, committed 4352K, reserved 1048576K
}

Deoptimization events (10 events):
Event: 152.580 Thread 0x000002737c8bf000 Uncommon trap: reason=class_check action=maybe_recompile pc=0x000002736fda8238 method=com.sun.javafx.event.EventHandlerManager.dispatchCapturingEvent(Ljavafx/event/Event;)Ljavafx/event/Event; @ 1 c2
Event: 152.580 Thread 0x000002737c8bf000 Uncommon trap: reason=class_check action=maybe_recompile pc=0x000002736fda94b8 method=com.sun.javafx.event.EventHandlerManager.dispatchBubblingEvent(Ljavafx/event/Event;)Ljavafx/event/Event; @ 1 c2
Event: 152.580 Thread 0x000002737c8bf000 Uncommon trap: reason=class_check action=maybe_recompile pc=0x000002736fda94b8 method=com.sun.javafx.event.EventHandlerManager.dispatchBubblingEvent(Ljavafx/event/Event;)Ljavafx/event/Event; @ 1 c2
Event: 152.580 Thread 0x000002737c8bf000 Uncommon trap: reason=class_check action=maybe_recompile pc=0x000002736fda94b8 method=com.sun.javafx.event.EventHandlerManager.dispatchBubblingEvent(Ljavafx/event/Event;)Ljavafx/event/Event; @ 1 c2
Event: 152.580 Thread 0x000002737c8bf000 Uncommon trap: reason=class_check action=maybe_recompile pc=0x000002736fda94b8 method=com.sun.javafx.event.EventHandlerManager.dispatchBubblingEvent(Ljavafx/event/Event;)Ljavafx/event/Event; @ 1 c2
Event: 156.287 Thread 0x000002737c8bf000 Uncommon trap: reason=unstable_if action=reinterpret pc=0x000002736fda73c8 method=com.sun.javafx.event.EventDispatchChainImpl.ensureCapacity(I)V @ 19 c2
Event: 178.495 Thread 0x000002737c8bf000 Uncommon trap: reason=unstable_if action=reinterpret pc=0x000002736fdfaad0 method=javafx.scene.Node.updateBounds()V @ 37 c2
Event: 178.496 Thread 0x000002737c8bf000 Uncommon trap: reason=unstable_if action=reinterpret pc=0x000002736fe105d8 method=javafx.scene.Node.updateBounds()V @ 37 c2
Event: 178.496 Thread 0x000002737c8bf000 Uncommon trap: reason=unstable_if action=reinterpret pc=0x000002736fdfa8f0 method=javafx.scene.Node.updateBounds()V @ 37 c2
Event: 178.523 Thread 0x000002737c8bf000 Uncommon trap: reason=profile_predicate action=maybe_recompile pc=0x000002736fd6cbe0 method=javafx.scene.CssStyleHelper$CacheContainer.<init>(Ljavafx/scene/Node;Lcom/sun/javafx/css/StyleMap;I)V @ 164 c2

Classes redefined (0 events):
No events

Internal exceptions (10 events):
Event: 43.510 Thread 0x000002737c8bf000 Exception <a 'java/lang/NoSuchMethodError'{0x00000000c9265318}: java.lang.invoke.DirectMethodHandle$Holder.invokeStatic(Ljava/lang/Object;Ljava/lang/Object;II)Ljava/lang/Object;> (0x00000000c9265318) thrown at [t:/workspace/open/src/hotspot/share/interpre
Event: 43.511 Thread 0x000002737c8bf000 Exception <a 'java/lang/NoSuchMethodError'{0x00000000c926b338}: java.lang.invoke.Invokers$Holder.linkToTargetMethod(Ljava/lang/Object;IILjava/lang/Object;)Ljava/lang/Object;> (0x00000000c926b338) thrown at [t:/workspace/open/src/hotspot/share/interpreter/
Event: 135.894 Thread 0x000002737c8bf000 Exception <a 'java/lang/NoSuchMethodError'{0x00000000ca739b98}: java.lang.invoke.DirectMethodHandle$Holder.invokeStaticInit(Ljava/lang/Object;Ljava/lang/Object;Ljava/lang/Object;)J> (0x00000000ca739b98) thrown at [t:/workspace/open/src/hotspot/share/inter
Event: 135.901 Thread 0x000002737c8bf000 Exception <a 'java/lang/NoSuchMethodError'{0x00000000ca74df70}: java.lang.invoke.Invokers$Holder.linkToTargetMethod(Ljava/lang/Object;JLjava/lang/Object;)Ljava/lang/Object;> (0x00000000ca74df70) thrown at [t:/workspace/open/src/hotspot/share/interpreter/l
Event: 136.034 Thread 0x000002737c59e000 Implicit null exception at 0x000002736fd9e61b to 0x000002736fd9e6f6
Event: 140.188 Thread 0x000002737c59e000 Exception <a 'java/lang/NoSuchMethodError'{0x00000000cac68c38}: java.lang.invoke.DirectMethodHandle$Holder.invokeStaticInit(Ljava/lang/Object;I)Ljava/lang/Object;> (0x00000000cac68c38) thrown at [t:/workspace/open/src/hotspot/share/interpreter/linkResolve
Event: 147.553 Thread 0x000002737c8bf000 Exception <a 'java/lang/NoSuchMethodError'{0x00000000caabbd00}: java.lang.invoke.DirectMethodHandle$Holder.invokeVirtual(Ljava/lang/Object;Ljava/lang/Object;)I> (0x00000000caabbd00) thrown at [t:/workspace/open/src/hotspot/share/interpreter/linkResolver.c
Event: 147.555 Thread 0x000002737c8bf000 Exception <a 'java/lang/NoSuchMethodError'{0x00000000caac1490}: java.lang.invoke.DirectMethodHandle$Holder.invokeVirtual(Ljava/lang/Object;Ljava/lang/Object;I)V> (0x00000000caac1490) thrown at [t:/workspace/open/src/hotspot/share/interpreter/linkResolver.
Event: 152.579 Thread 0x000002737c8bf000 Implicit null exception at 0x000002736fdf329b to 0x000002736fdf36b2
Event: 156.287 Thread 0x000002737c8bf000 Implicit null exception at 0x000002736fda736d to 0x000002736fda73b2

Events (10 events):
Event: 337.995 loading class com/sun/javafx/tk/quantum/GlassScene
Event: 337.995 loading class com/sun/javafx/tk/quantum/GlassScene done
Event: 337.995 loading class com/sun/glass/ui/Screen
Event: 337.995 loading class com/sun/glass/ui/Screen done
Event: 337.996 loading class com/sun/javafx/tk/quantum/GlassWindowEventHandler
Event: 337.996 loading class com/sun/javafx/tk/quantum/GlassWindowEventHandler done
Event: 337.996 loading class com/sun/glass/ui/Screen
Event: 337.996 loading class com/sun/glass/ui/Screen done
Event: 337.997 loading class com/sun/javafx/tk/quantum/GlassWindowEventHandler
Event: 337.997 loading class com/sun/javafx/tk/quantum/GlassWindowEventHandler done


Dynamic libraries:
0x00007ff624920000 - 0x00007ff62492f000 	C:\jdk-12.0.2\bin\javaw.exe
0x00007ff9465a0000 - 0x00007ff946790000 	C:\Windows\SYSTEM32\ntdll.dll
0x00007ff944ea0000 - 0x00007ff944f52000 	C:\Windows\System32\KERNEL32.DLL
0x00007ff943590000 - 0x00007ff943833000 	C:\Windows\System32\KERNELBASE.dll
0x00007ff944300000 - 0x00007ff9443fa000 	C:\Windows\System32\ucrtbase.dll
0x00007ff937660000 - 0x00007ff937678000 	C:\jdk-12.0.2\bin\jli.dll
0x00007ff944820000 - 0x00007ff9448c3000 	C:\Windows\System32\ADVAPI32.dll
0x00007ff945690000 - 0x00007ff94572e000 	C:\Windows\System32\msvcrt.dll
0x00007ff944780000 - 0x00007ff944817000 	C:\Windows\System32\sechost.dll
0x00007ff9449a0000 - 0x00007ff944ac0000 	C:\Windows\System32\RPCRT4.dll
0x00007ff944c50000 - 0x00007ff944de3000 	C:\Windows\System32\USER32.dll
0x00007ff9445a0000 - 0x00007ff9445c1000 	C:\Windows\System32\win32u.dll
0x00007ff944df0000 - 0x00007ff944e16000 	C:\Windows\System32\GDI32.dll
0x00007ff944400000 - 0x00007ff944594000 	C:\Windows\System32\gdi32full.dll
0x00007ff944260000 - 0x00007ff9442fe000 	C:\Windows\System32\msvcp_win.dll
0x00007ff931dc0000 - 0x00007ff932045000 	C:\Windows\WinSxS\amd64_microsoft.windows.common-controls_6595b64144ccf1df_6.0.18362.356_none_e6c4af7d130f27cc\COMCTL32.dll
0x00007ff945a10000 - 0x00007ff945d46000 	C:\Windows\System32\combase.dll
0x00007ff9445d0000 - 0x00007ff944650000 	C:\Windows\System32\bcryptPrimitives.dll
0x00007ff9344f0000 - 0x00007ff9344fa000 	C:\Windows\SYSTEM32\VERSION.dll
0x00007ff935680000 - 0x00007ff935696000 	C:\jdk-12.0.2\bin\VCRUNTIME140.dll
0x00007ff9464b0000 - 0x00007ff9464de000 	C:\Windows\System32\IMM32.DLL
0x00007ff924100000 - 0x00007ff9241aa000 	C:\jdk-12.0.2\bin\msvcp140.dll
0x00007ff90b170000 - 0x00007ff90bce7000 	C:\jdk-12.0.2\bin\server\jvm.dll
0x00007ff945680000 - 0x00007ff945688000 	C:\Windows\System32\PSAPI.DLL
0x00007ff93c9e0000 - 0x00007ff93c9e9000 	C:\Windows\SYSTEM32\WSOCK32.dll
0x00007ff9414c0000 - 0x00007ff9414e4000 	C:\Windows\SYSTEM32\WINMM.dll
0x00007ff9457e0000 - 0x00007ff94584f000 	C:\Windows\System32\WS2_32.dll
0x00007ff941490000 - 0x00007ff9414bd000 	C:\Windows\SYSTEM32\winmmbase.dll
0x00007ff9439b0000 - 0x00007ff9439fa000 	C:\Windows\System32\cfgmgr32.dll
0x00007ff943480000 - 0x00007ff943491000 	C:\Windows\System32\kernel.appcore.dll
0x00007ff93aae0000 - 0x00007ff93aaf1000 	C:\jdk-12.0.2\bin\verify.dll
0x00007ff934170000 - 0x00007ff934364000 	C:\Windows\SYSTEM32\DBGHELP.DLL
0x00007ff934500000 - 0x00007ff93452a000 	C:\Windows\SYSTEM32\dbgcore.DLL
0x00007ff935c80000 - 0x00007ff935ca6000 	C:\jdk-12.0.2\bin\java.dll
0x00007ff9356e0000 - 0x00007ff9356f7000 	C:\jdk-12.0.2\bin\zip.dll
0x00007ff93c9d0000 - 0x00007ff93c9da000 	C:\jdk-12.0.2\bin\jimage.dll
0x00007ff944f80000 - 0x00007ff945665000 	C:\Windows\System32\SHELL32.dll
0x00007ff944b20000 - 0x00007ff944bc9000 	C:\Windows\System32\shcore.dll
0x00007ff943a30000 - 0x00007ff9441ae000 	C:\Windows\System32\windows.storage.dll
0x00007ff943510000 - 0x00007ff94352f000 	C:\Windows\System32\profapi.dll
0x00007ff9434a0000 - 0x00007ff9434ea000 	C:\Windows\System32\powrprof.dll
0x00007ff943470000 - 0x00007ff943480000 	C:\Windows\System32\UMPDC.dll
0x00007ff944720000 - 0x00007ff944772000 	C:\Windows\System32\shlwapi.dll
0x00007ff943840000 - 0x00007ff943857000 	C:\Windows\System32\cryptsp.dll
0x00007ff933090000 - 0x00007ff9330a9000 	C:\jdk-12.0.2\bin\net.dll
0x00007ff93ada0000 - 0x00007ff93ae90000 	C:\Windows\SYSTEM32\WINHTTP.dll
0x00007ff9388b0000 - 0x00007ff938a86000 	C:\Windows\SYSTEM32\urlmon.dll
0x00007ff938bd0000 - 0x00007ff938e76000 	C:\Windows\SYSTEM32\iertutil.dll
0x00007ff942ee0000 - 0x00007ff942eec000 	C:\Windows\SYSTEM32\CRYPTBASE.DLL
0x00007ff942d10000 - 0x00007ff942d77000 	C:\Windows\system32\mswsock.dll
0x00007ff933070000 - 0x00007ff933083000 	C:\jdk-12.0.2\bin\nio.dll
0x000002735fca0000 - 0x000002735fca3000 	C:\javafx-sdk-11.0.2\bin\api-ms-win-core-console-l1-1-0.dll
0x000002737dab0000 - 0x000002737dab3000 	C:\javafx-sdk-11.0.2\bin\api-ms-win-core-datetime-l1-1-0.dll
0x000002737dac0000 - 0x000002737dac3000 	C:\javafx-sdk-11.0.2\bin\api-ms-win-core-debug-l1-1-0.dll
0x000002737dad0000 - 0x000002737dad3000 	C:\javafx-sdk-11.0.2\bin\api-ms-win-core-errorhandling-l1-1-0.dll
0x000002737dae0000 - 0x000002737dae4000 	C:\javafx-sdk-11.0.2\bin\api-ms-win-core-file-l1-1-0.dll
0x000002737daf0000 - 0x000002737daf3000 	C:\javafx-sdk-11.0.2\bin\api-ms-win-core-file-l1-2-0.dll
0x000002737db00000 - 0x000002737db03000 	C:\javafx-sdk-11.0.2\bin\api-ms-win-core-file-l2-1-0.dll
0x000002737db10000 - 0x000002737db13000 	C:\javafx-sdk-11.0.2\bin\api-ms-win-core-handle-l1-1-0.dll
0x000002737db20000 - 0x000002737db23000 	C:\javafx-sdk-11.0.2\bin\api-ms-win-core-heap-l1-1-0.dll
0x000002737db30000 - 0x000002737db33000 	C:\javafx-sdk-11.0.2\bin\api-ms-win-core-interlocked-l1-1-0.dll
0x000002737db40000 - 0x000002737db43000 	C:\javafx-sdk-11.0.2\bin\api-ms-win-core-libraryloader-l1-1-0.dll
0x000002737db50000 - 0x000002737db53000 	C:\javafx-sdk-11.0.2\bin\api-ms-win-core-localization-l1-2-0.dll
0x000002737db60000 - 0x000002737db63000 	C:\javafx-sdk-11.0.2\bin\api-ms-win-core-memory-l1-1-0.dll
0x000002737db70000 - 0x000002737db73000 	C:\javafx-sdk-11.0.2\bin\api-ms-win-core-namedpipe-l1-1-0.dll
0x000002737db80000 - 0x000002737db83000 	C:\javafx-sdk-11.0.2\bin\api-ms-win-core-processenvironment-l1-1-0.dll
0x000002737db90000 - 0x000002737db93000 	C:\javafx-sdk-11.0.2\bin\api-ms-win-core-processthreads-l1-1-0.dll
0x000002737dba0000 - 0x000002737dba3000 	C:\javafx-sdk-11.0.2\bin\api-ms-win-core-processthreads-l1-1-1.dll
0x000002737dbb0000 - 0x000002737dbb3000 	C:\javafx-sdk-11.0.2\bin\api-ms-win-core-profile-l1-1-0.dll
0x000002737dbc0000 - 0x000002737dbc3000 	C:\javafx-sdk-11.0.2\bin\api-ms-win-core-rtlsupport-l1-1-0.dll
0x000002737dbd0000 - 0x000002737dbd3000 	C:\javafx-sdk-11.0.2\bin\api-ms-win-core-string-l1-1-0.dll
0x000002737dbe0000 - 0x000002737dbe3000 	C:\javafx-sdk-11.0.2\bin\api-ms-win-core-synch-l1-1-0.dll
0x000002737dbf0000 - 0x000002737dbf3000 	C:\javafx-sdk-11.0.2\bin\api-ms-win-core-synch-l1-2-0.dll
0x000002737dc00000 - 0x000002737dc03000 	C:\javafx-sdk-11.0.2\bin\api-ms-win-core-sysinfo-l1-1-0.dll
0x000002737dc10000 - 0x000002737dc13000 	C:\javafx-sdk-11.0.2\bin\api-ms-win-core-timezone-l1-1-0.dll
0x000002737dc20000 - 0x000002737dc23000 	C:\javafx-sdk-11.0.2\bin\api-ms-win-core-util-l1-1-0.dll
0x000002737dc30000 - 0x000002737dc33000 	C:\javafx-sdk-11.0.2\bin\api-ms-win-crt-conio-l1-1-0.dll
0x000002737dc40000 - 0x000002737dc44000 	C:\javafx-sdk-11.0.2\bin\api-ms-win-crt-convert-l1-1-0.dll
0x000002737dc50000 - 0x000002737dc53000 	C:\javafx-sdk-11.0.2\bin\api-ms-win-crt-environment-l1-1-0.dll
0x000002737dc60000 - 0x000002737dc63000 	C:\javafx-sdk-11.0.2\bin\api-ms-win-crt-filesystem-l1-1-0.dll
0x000002737dc70000 - 0x000002737dc73000 	C:\javafx-sdk-11.0.2\bin\api-ms-win-crt-heap-l1-1-0.dll
0x000002737dc80000 - 0x000002737dc83000 	C:\javafx-sdk-11.0.2\bin\api-ms-win-crt-locale-l1-1-0.dll
0x000002737dc90000 - 0x000002737dc95000 	C:\javafx-sdk-11.0.2\bin\api-ms-win-crt-math-l1-1-0.dll
0x000002737dca0000 - 0x000002737dca5000 	C:\javafx-sdk-11.0.2\bin\api-ms-win-crt-multibyte-l1-1-0.dll
0x000002737dcb0000 - 0x000002737dcc0000 	C:\javafx-sdk-11.0.2\bin\api-ms-win-crt-private-l1-1-0.dll
0x000002737dcc0000 - 0x000002737dcc3000 	C:\javafx-sdk-11.0.2\bin\api-ms-win-crt-process-l1-1-0.dll
0x000002737dcd0000 - 0x000002737dcd4000 	C:\javafx-sdk-11.0.2\bin\api-ms-win-crt-runtime-l1-1-0.dll
0x000002737dce0000 - 0x000002737dce4000 	C:\javafx-sdk-11.0.2\bin\api-ms-win-crt-stdio-l1-1-0.dll
0x000002737dcf0000 - 0x000002737dcf4000 	C:\javafx-sdk-11.0.2\bin\api-ms-win-crt-string-l1-1-0.dll
0x000002737dd00000 - 0x000002737dd03000 	C:\javafx-sdk-11.0.2\bin\api-ms-win-crt-time-l1-1-0.dll
0x000002737dd10000 - 0x000002737dd13000 	C:\javafx-sdk-11.0.2\bin\api-ms-win-crt-utility-l1-1-0.dll
0x00007ff91eea0000 - 0x00007ff91ef9a000 	C:\javafx-sdk-11.0.2\bin\ucrtbase.dll
0x00007ff93a8a0000 - 0x00007ff93a8b6000 	C:\javafx-sdk-11.0.2\bin\vcruntime140.dll
0x00007ff9231b0000 - 0x00007ff923256000 	C:\javafx-sdk-11.0.2\bin\msvcp140.dll
0x00007ff924e40000 - 0x00007ff924e91000 	C:\javafx-sdk-11.0.2\bin\concrt140.dll
0x00007ff93a870000 - 0x00007ff93a893000 	C:\javafx-sdk-11.0.2\bin\prism_d3d.dll
0x00007ff916c10000 - 0x00007ff916dd7000 	C:\Windows\system32\d3d9.dll
0x00007ff941c10000 - 0x00007ff941c3d000 	C:\Windows\SYSTEM32\dwmapi.dll
0x00007ff9420e0000 - 0x00007ff942100000 	C:\Windows\SYSTEM32\dxcore.dll
0x00007ff9417d0000 - 0x00007ff941869000 	C:\Windows\system32\uxtheme.dll
0x00007ff912290000 - 0x00007ff9128e6000 	C:\Windows\SYSTEM32\igdumd64.dll
0x00007ff924c50000 - 0x00007ff924c95000 	C:\javafx-sdk-11.0.2\bin\glass.dll
0x00007ff944650000 - 0x00007ff944720000 	C:\Windows\System32\COMDLG32.dll
0x00007ff9458b0000 - 0x00007ff945a06000 	C:\Windows\System32\ole32.dll
0x00007ff9448d0000 - 0x00007ff944994000 	C:\Windows\System32\OLEAUT32.dll
0x00007ff946370000 - 0x00007ff9464a5000 	C:\Windows\System32\MSCTF.dll
0x00007ff935720000 - 0x00007ff935734000 	C:\javafx-sdk-11.0.2\bin\javafx_font.dll
0x00007ff9385b0000 - 0x00007ff9388ae000 	C:\Windows\SYSTEM32\dwrite.dll
0x00007ff942a70000 - 0x00007ff942b3a000 	C:\Windows\SYSTEM32\DNSAPI.dll
0x00007ff9464e0000 - 0x00007ff9464e8000 	C:\Windows\System32\NSI.dll
0x00007ff942a20000 - 0x00007ff942a5a000 	C:\Windows\SYSTEM32\IPHLPAPI.DLL
0x00007ff937ab0000 - 0x00007ff937aba000 	C:\Windows\System32\rasadhlp.dll
0x00007ff937300000 - 0x00007ff937377000 	C:\Windows\System32\fwpuclnt.dll
0x00007ff943a00000 - 0x00007ff943a26000 	C:\Windows\System32\bcrypt.dll
0x00007ff93fd00000 - 0x00007ff93fd0e000 	C:\jdk-12.0.2\bin\sunmscapi.dll
0x00007ff943860000 - 0x00007ff9439a9000 	C:\Windows\System32\CRYPT32.dll
0x00007ff9434f0000 - 0x00007ff943502000 	C:\Windows\System32\MSASN1.dll
0x00007ff942fe0000 - 0x00007ff943006000 	C:\Windows\SYSTEM32\ncrypt.dll
0x00007ff942fa0000 - 0x00007ff942fdb000 	C:\Windows\SYSTEM32\NTASN1.dll
0x00007ff92bbd0000 - 0x00007ff92bbf7000 	C:\jdk-12.0.2\bin\sunec.dll
0x00007ff942880000 - 0x00007ff9428b3000 	C:\Windows\system32\rsaenh.dll
0x00007ff943360000 - 0x00007ff943385000 	C:\Windows\SYSTEM32\USERENV.dll
0x00007ff937a30000 - 0x00007ff937a46000 	C:\Windows\SYSTEM32\dhcpcsvc6.DLL
0x00007ff93a570000 - 0x00007ff93a58c000 	C:\Windows\SYSTEM32\dhcpcsvc.DLL
0x00007ff945730000 - 0x00007ff9457d2000 	C:\Windows\System32\clbcatq.dll
0x00007ff93dc70000 - 0x00007ff93de1f000 	C:\Windows\SYSTEM32\WindowsCodecs.dll
0x00007ff928ac0000 - 0x00007ff928afa000 	C:\Windows\system32\dataexchange.dll
0x00007ff940a20000 - 0x00007ff940c7b000 	C:\Windows\system32\d3d11.dll

dbghelp: loaded successfully - version: 4.0.5 - missing functions: none
symbol engine: initialized successfully - sym options: 0x614 - pdb path: .;C:\jdk-12.0.2\bin;C:\Windows\SYSTEM32;C:\Windows\WinSxS\amd64_microsoft.windows.common-controls_6595b64144ccf1df_6.0.18362.356_none_e6c4af7d130f27cc;C:\jdk-12.0.2\bin\server;C:\javafx-sdk-11.0.2\bin;C:\Program Files\Common Files\Microsoft Shared\Ink

VM Arguments:
jvm_args: --module-path=C:\javafx-sdk-11.0.2\lib --add-modules=javafx.controls,javafx.fxml -Dfile.encoding=Cp1252 
java_command: application.Main
java_class_path (initial): C:\Users\nambi\Documents\library management sys\Resources\javafx-sdk-11.0.2\lib\javafx.base.jar;C:\Users\nambi\Documents\library management sys\Resources\javafx-sdk-11.0.2\lib\javafx.controls.jar;C:\Users\nambi\Documents\library management sys\Resources\javafx-sdk-11.0.2\lib\javafx.fxml.jar;C:\Users\nambi\Documents\library management sys\Resources\javafx-sdk-11.0.2\lib\javafx.graphics.jar;C:\Users\nambi\Documents\library management sys\Resources\javafx-sdk-11.0.2\lib\javafx.media.jar;C:\Users\nambi\Documents\library management sys\Resources\javafx-sdk-11.0.2\lib\javafx.swing.jar;C:\Users\nambi\Documents\library management sys\Resources\javafx-sdk-11.0.2\lib\javafx.web.jar;C:\Users\nambi\Documents\library management sys\Resources\javafx-sdk-11.0.2\lib\javafx-swt.jar;E:\Work\Library\bin;E:\Backup $$$\dOWNLOADS\mysql-connector-java-8.0.17\mysql-connector-java-8.0.17\mysql-connector-java-8.0.17.jar
Launcher Type: SUN_STANDARD

[Global flags]
     intx CICompilerCount                          = 2                                         {product} {ergonomic}
     uint ConcGCThreads                            = 1                                         {product} {ergonomic}
     uint G1ConcRefinementThreads                  = 2                                         {product} {ergonomic}
   size_t G1HeapRegionSize                         = 1048576                                   {product} {ergonomic}
    uintx GCDrainStackTargetSize                   = 64                                        {product} {ergonomic}
   size_t InitialHeapSize                          = 65011712                                  {product} {ergonomic}
   size_t MarkStackSize                            = 4194304                                   {product} {ergonomic}
   size_t MaxHeapSize                              = 1031798784                                {product} {ergonomic}
   size_t MaxNewSize                               = 618659840                                 {product} {ergonomic}
   size_t MinHeapDeltaBytes                        = 1048576                                   {product} {ergonomic}
    uintx NonNMethodCodeHeapSize                   = 5825164                                {pd product} {ergonomic}
    uintx NonProfiledCodeHeapSize                  = 122916538                              {pd product} {ergonomic}
    uintx ProfiledCodeHeapSize                     = 122916538                              {pd product} {ergonomic}
    uintx ReservedCodeCacheSize                    = 251658240                              {pd product} {ergonomic}
     bool SegmentedCodeCache                       = true                                      {product} {ergonomic}
     bool UseCompressedClassPointers               = true                                 {lp64_product} {ergonomic}
     bool UseCompressedOops                        = true                                 {lp64_product} {ergonomic}
     bool UseG1GC                                  = true                                      {product} {ergonomic}
     bool UseLargePagesIndividualAllocation        = false                                  {pd product} {ergonomic}

Logging:
Log output configuration:
 #0: stdout all=warning uptime,level,tags
 #1: stderr all=off uptime,level,tags

Environment Variables:
JAVA_HOME=C:\jdk-12.0.2
PATH=C:/jdk-12.0.2/bin/server;C:/jdk-12.0.2/bin;C:\Windows\system32;C:\Windows;C:\Windows\System32\Wbem;C:\Windows\System32\WindowsPowerShell\v1.0\;C:\Windows\System32\OpenSSH\;C:\jdk-12.0.2;C:\jdk-12.0.2\bin;C:\Users\nambi\AppData\Local\Microsoft\WindowsApps;;C:\eclipse;
USERNAME=nambi
OS=Windows_NT
PROCESSOR_IDENTIFIER=Intel64 Family 6 Model 23 Stepping 10, GenuineIntel



---------------  S Y S T E M  ---------------

OS: Windows 10 , 64 bit Build 18362 (10.0.18362.329)

CPU:total 2 (initial active 2) (2 cores per cpu, 1 threads per core) family 6 model 23 stepping 10, cmov, cx8, fxsr, mmx, sse, sse2, sse3, ssse3, tsc

Memory: 4k page, system-wide physical 3935M (320M free)
TotalPageFile size 16223M (AvailPageFile size 0M)
current process WorkingSet (physical memory assigned to process): 238M, peak: 262M
current process commit charge ("private bytes"): 328M, peak: 349M

vm_info: Java HotSpot(TM) 64-Bit Server VM (12.0.2+10) for windows-amd64 JRE (12.0.2+10), built on Jul 16 2019 01:56:17 by "mach5one" with MS VC++ 15.5 (VS2017)

END.
